<?xml version="1.0" encoding="UTF-8"?>
<testsuite xmlns:xsi="http://www.w3.org/2001/XMLSchema-instance" xsi:noNamespaceSchemaLocation="https://maven.apache.org/surefire/maven-surefire-plugin/xsd/surefire-test-report.xsd" name="biz.aceresources.json.controllers.FactoryBuilderTest" time="0.1" tests="2" errors="0" skipped="0" failures="0">
  <properties>
[...]
</properties>
  <testcase name="producer" classname="biz.aceresources.json.controllers.FactoryBuilderTest" time="0.071"/>
  <testcase name="builder" classname="biz.aceresources.json.controllers.FactoryBuilderTest" time="0.024"/>
</testsuite>